[2023-12-06 10:11:41] local.INFO: Email berhasil dikirim ke: ahmad.ariffandy@ifca.co.id  
[2023-12-06 10:12:07] local.ERROR: Gagal mengirim email: Expected response code 250 but got code "450", with message "450 Message not queued: recipient is suppressed
"  
[2023-12-06 10:12:35] local.INFO: Email berhasil dikirim ke: ahmad.ariffandy@ifca.co.id  
[2023-12-06 10:12:59] local.WARNING: Tidak ada alamat email yang diberikan.  
[2023-12-06 10:13:11] local.INFO: Email berhasil dikirim ke: ahmad.ariffandy@ifca.co.id  
[2023-12-06 11:31:22] local.ERROR: Gagal mengirim email: Undefined variable: request  
[2023-12-06 11:32:12] local.INFO: Email berhasil dikirim ke: ahmad.ariffandy@ifca.co.id  
[2023-12-06 11:34:27] local.ERROR: Gagal mengirim email: Address in mailbox given ['+@f_email_addr+'] does not comply with RFC 2822, 3.6.2.  
[2023-12-06 11:34:36] local.INFO: Email berhasil dikirim ke: ahmad.ariffandy@ifca.co.id  
[2023-12-06 11:39:24] local.INFO: Email berhasil dikirim ke: ahmad.ariffandy@ifca.co.id  
[2023-12-06 11:44:42] local.INFO: Email berhasil dikirim ke: ahmad.ariffandy@ifca.co.id  
[2023-12-06 11:49:45] local.INFO: Email berhasil dikirim ke: ahmad.ariffandy@ifca.co.id  
[2023-12-06 11:53:00] local.INFO: Email berhasil dikirim ke: ahmad.ariffandy@ifca.co.id  
[2023-12-06 12:03:12] local.INFO: Email berhasil dikirim ke: ahmad.ariffandy@ifca.co.id  
[2023-12-06 12:04:15] local.INFO: Email berhasil dikirim ke: ahmad.ariffandy@ifca.co.id  
[2023-12-06 12:12:22] local.INFO: Email berhasil dikirim ke: ahmad.ariffandy@ifca.co.id  
[2023-12-06 12:15:50] local.INFO: Email berhasil dikirim ke: ahmad.ariffandy@ifca.co.id  
[2023-12-06 12:19:19] local.INFO: Email berhasil dikirim ke: ahmad.ariffandy@ifca.co.id  
[2023-12-06 12:21:00] local.INFO: Email berhasil dikirim ke: ahmad.ariffandy@ifca.co.id  
[2023-12-06 12:22:21] local.INFO: Email berhasil dikirim ke: ahmad.ariffandy@ifca.co.id  
[2023-12-06 12:24:10] local.INFO: Email berhasil dikirim ke: ahmad.ariffandy@ifca.co.id  
[2023-12-06 12:34:34] local.INFO: Email berhasil dikirim ke: ahmad.ariffandy@ifca.co.id  
[2023-12-06 12:35:00] local.INFO: Email berhasil dikirim ke: ahmad.ariffandy@ifca.co.id  
[2023-12-06 12:36:43] local.INFO: Email berhasil dikirim ke: ahmad.ariffandy@ifca.co.id  
[2023-12-06 13:27:04] local.INFO: Email berhasil dikirim ke: ahmad.ariffandy@ifca.co.id  
[2023-12-06 13:28:21] local.INFO: Email berhasil dikirim ke: ahmad.ariffandy@ifca.co.id  
